<?xml version="1.0" encoding="UTF-8"?>
<testsuite xmlns:xsi="http://www.w3.org/2001/XMLSchema-instance" xsi:noNamespaceSchemaLocation="https://maven.apache.org/surefire/maven-surefire-plugin/xsd/surefire-test-report.xsd" name="TestSuite" time="108.712" tests="5" errors="0" skipped="0" failures="0">
  <properties>
    <property name="sun.desktop" value="windows"/>
    <property name="awt.toolkit" value="sun.awt.windows.WToolkit"/>
    <property name="file.encoding.pkg" value="sun.io"/>
    <property name="java.specification.version" value="1.8"/>
    <property name="sun.cpu.isalist" value="amd64"/>
    <property name="sun.jnu.encoding" value="Cp1252"/>
    <property name="java.class.path" value="C:\Users\VenkataNagesh\workspace\TestNG1\target\test-classes;C:\Users\VenkataNagesh\workspace\TestNG1\target\classes;C:\Users\VenkataNagesh\.m2\repository\com\sun\istack\istack-commons-runtime\2.2\istack-commons-runtime-2.2.jar;C:\Users\VenkataNagesh\.m2\repository\stax\stax-api\1.0.1\stax-api-1.0.1.jar;C:\Users\VenkataNagesh\.m2\repository\javax\activation\activation\1.1\activation-1.1.jar;C:\Users\VenkataNagesh\.m2\repository\org\seleniumhq\selenium\selenium-java\3.7.0\selenium-java-3.7.0.jar;C:\Users\VenkataNagesh\.m2\repository\org\seleniumhq\selenium\selenium-api\3.7.0\selenium-api-3.7.0.jar;C:\Users\VenkataNagesh\.m2\repository\org\seleniumhq\selenium\selenium-chrome-driver\3.7.0\selenium-chrome-driver-3.7.0.jar;C:\Users\VenkataNagesh\.m2\repository\org\seleniumhq\selenium\selenium-edge-driver\3.7.0\selenium-edge-driver-3.7.0.jar;C:\Users\VenkataNagesh\.m2\repository\org\seleniumhq\selenium\selenium-firefox-driver\3.7.0\selenium-firefox-driver-3.7.0.jar;C:\Users\VenkataNagesh\.m2\repository\org\seleniumhq\selenium\selenium-ie-driver\3.7.0\selenium-ie-driver-3.7.0.jar;C:\Users\VenkataNagesh\.m2\repository\org\seleniumhq\selenium\selenium-opera-driver\3.7.0\selenium-opera-driver-3.7.0.jar;C:\Users\VenkataNagesh\.m2\repository\org\seleniumhq\selenium\selenium-remote-driver\3.7.0\selenium-remote-driver-3.7.0.jar;C:\Users\VenkataNagesh\.m2\repository\org\seleniumhq\selenium\selenium-safari-driver\3.7.0\selenium-safari-driver-3.7.0.jar;C:\Users\VenkataNagesh\.m2\repository\org\seleniumhq\selenium\selenium-support\3.7.0\selenium-support-3.7.0.jar;C:\Users\VenkataNagesh\.m2\repository\net\bytebuddy\byte-buddy\1.7.5\byte-buddy-1.7.5.jar;C:\Users\VenkataNagesh\.m2\repository\org\apache\commons\commons-exec\1.3\commons-exec-1.3.jar;C:\Users\VenkataNagesh\.m2\repository\commons-codec\commons-codec\1.10\commons-codec-1.10.jar;C:\Users\VenkataNagesh\.m2\repository\commons-logging\commons-logging\1.2\commons-logging-1.2.jar;C:\Users\VenkataNagesh\.m2\repository\com\google\code\gson\gson\2.8.2\gson-2.8.2.jar;C:\Users\VenkataNagesh\.m2\repository\com\google\guava\guava\23.0\guava-23.0.jar;C:\Users\VenkataNagesh\.m2\repository\com\google\code\findbugs\jsr305\1.3.9\jsr305-1.3.9.jar;C:\Users\VenkataNagesh\.m2\repository\com\google\errorprone\error_prone_annotations\2.0.18\error_prone_annotations-2.0.18.jar;C:\Users\VenkataNagesh\.m2\repository\com\google\j2objc\j2objc-annotations\1.1\j2objc-annotations-1.1.jar;C:\Users\VenkataNagesh\.m2\repository\org\codehaus\mojo\animal-sniffer-annotations\1.14\animal-sniffer-annotations-1.14.jar;C:\Users\VenkataNagesh\.m2\repository\org\apache\httpcomponents\httpclient\4.5.3\httpclient-4.5.3.jar;C:\Users\VenkataNagesh\.m2\repository\org\apache\httpcomponents\httpcore\4.4.6\httpcore-4.4.6.jar;C:\Users\VenkataNagesh\.m2\repository\org\testng\testng\6.10\testng-6.10.jar;C:\Users\VenkataNagesh\.m2\repository\com\beust\jcommander\1.48\jcommander-1.48.jar;C:\Users\VenkataNagesh\.m2\repository\log4j\log4j\1.2.17\log4j-1.2.17.jar;C:\Users\VenkataNagesh\.m2\repository\com\googlecode\json-simple\json-simple\1.1\json-simple-1.1.jar;C:\Users\VenkataNagesh\.m2\repository\commons-io\commons-io\1.3.2\commons-io-1.3.2.jar;C:\Users\VenkataNagesh\.m2\repository\org\apache\maven\surefire\surefire-testng-utils\2.22.0\surefire-testng-utils-2.22.0.jar;C:\Users\VenkataNagesh\.m2\repository\org\apache\maven\surefire\surefire-grouper\2.22.0\surefire-grouper-2.22.0.jar;"/>
    <property name="java.vm.vendor" value="Oracle Corporation"/>
    <property name="sun.arch.data.model" value="64"/>
    <property name="user.variant" value=""/>
    <property name="java.vendor.url" value="http://java.oracle.com/"/>
    <property name="user.timezone" value="America/New_York"/>
    <property name="java.vm.specification.version" value="1.8"/>
    <property name="os.name" value="Windows 10"/>
    <property name="user.country" value="CA"/>
    <property name="sun.java.launcher" value="SUN_STANDARD"/>
    <property name="sun.boot.library.path" value="C:\Program Files\Java\jdk1.8.0_91\jre\bin"/>
    <property name="sun.java.command" value="C:\Users\VENKAT~1\AppData\Local\Temp\surefire7217680272698713615\surefirebooter8873239518026760679.jar C:\Users\VenkataNagesh\AppData\Local\Temp\surefire7217680272698713615 2018-09-03T09-35-18_440-jvmRun1 surefire6228244535972557274tmp surefire_06498296166330503692tmp"/>
    <property name="surefire.test.class.path" value="C:\Users\VenkataNagesh\workspace\TestNG1\target\test-classes;C:\Users\VenkataNagesh\workspace\TestNG1\target\classes;C:\Users\VenkataNagesh\.m2\repository\com\sun\istack\istack-commons-runtime\2.2\istack-commons-runtime-2.2.jar;C:\Users\VenkataNagesh\.m2\repository\stax\stax-api\1.0.1\stax-api-1.0.1.jar;C:\Users\VenkataNagesh\.m2\repository\javax\activation\activation\1.1\activation-1.1.jar;C:\Users\VenkataNagesh\.m2\repository\org\seleniumhq\selenium\selenium-java\3.7.0\selenium-java-3.7.0.jar;C:\Users\VenkataNagesh\.m2\repository\org\seleniumhq\selenium\selenium-api\3.7.0\selenium-api-3.7.0.jar;C:\Users\VenkataNagesh\.m2\repository\org\seleniumhq\selenium\selenium-chrome-driver\3.7.0\selenium-chrome-driver-3.7.0.jar;C:\Users\VenkataNagesh\.m2\repository\org\seleniumhq\selenium\selenium-edge-driver\3.7.0\selenium-edge-driver-3.7.0.jar;C:\Users\VenkataNagesh\.m2\repository\org\seleniumhq\selenium\selenium-firefox-driver\3.7.0\selenium-firefox-driver-3.7.0.jar;C:\Users\VenkataNagesh\.m2\repository\org\seleniumhq\selenium\selenium-ie-driver\3.7.0\selenium-ie-driver-3.7.0.jar;C:\Users\VenkataNagesh\.m2\repository\org\seleniumhq\selenium\selenium-opera-driver\3.7.0\selenium-opera-driver-3.7.0.jar;C:\Users\VenkataNagesh\.m2\repository\org\seleniumhq\selenium\selenium-remote-driver\3.7.0\selenium-remote-driver-3.7.0.jar;C:\Users\VenkataNagesh\.m2\repository\org\seleniumhq\selenium\selenium-safari-driver\3.7.0\selenium-safari-driver-3.7.0.jar;C:\Users\VenkataNagesh\.m2\repository\org\seleniumhq\selenium\selenium-support\3.7.0\selenium-support-3.7.0.jar;C:\Users\VenkataNagesh\.m2\repository\net\bytebuddy\byte-buddy\1.7.5\byte-buddy-1.7.5.jar;C:\Users\VenkataNagesh\.m2\repository\org\apache\commons\commons-exec\1.3\commons-exec-1.3.jar;C:\Users\VenkataNagesh\.m2\repository\commons-codec\commons-codec\1.10\commons-codec-1.10.jar;C:\Users\VenkataNagesh\.m2\repository\commons-logging\commons-logging\1.2\commons-logging-1.2.jar;C:\Users\VenkataNagesh\.m2\repository\com\google\code\gson\gson\2.8.2\gson-2.8.2.jar;C:\Users\VenkataNagesh\.m2\repository\com\google\guava\guava\23.0\guava-23.0.jar;C:\Users\VenkataNagesh\.m2\repository\com\google\code\findbugs\jsr305\1.3.9\jsr305-1.3.9.jar;C:\Users\VenkataNagesh\.m2\repository\com\google\errorprone\error_prone_annotations\2.0.18\error_prone_annotations-2.0.18.jar;C:\Users\VenkataNagesh\.m2\repository\com\google\j2objc\j2objc-annotations\1.1\j2objc-annotations-1.1.jar;C:\Users\VenkataNagesh\.m2\repository\org\codehaus\mojo\animal-sniffer-annotations\1.14\animal-sniffer-annotations-1.14.jar;C:\Users\VenkataNagesh\.m2\repository\org\apache\httpcomponents\httpclient\4.5.3\httpclient-4.5.3.jar;C:\Users\VenkataNagesh\.m2\repository\org\apache\httpcomponents\httpcore\4.4.6\httpcore-4.4.6.jar;C:\Users\VenkataNagesh\.m2\repository\org\testng\testng\6.10\testng-6.10.jar;C:\Users\VenkataNagesh\.m2\repository\com\beust\jcommander\1.48\jcommander-1.48.jar;C:\Users\VenkataNagesh\.m2\repository\log4j\log4j\1.2.17\log4j-1.2.17.jar;C:\Users\VenkataNagesh\.m2\repository\com\googlecode\json-simple\json-simple\1.1\json-simple-1.1.jar;C:\Users\VenkataNagesh\.m2\repository\commons-io\commons-io\1.3.2\commons-io-1.3.2.jar;C:\Users\VenkataNagesh\.m2\repository\org\apache\maven\surefire\surefire-testng-utils\2.22.0\surefire-testng-utils-2.22.0.jar;C:\Users\VenkataNagesh\.m2\repository\org\apache\maven\surefire\surefire-grouper\2.22.0\surefire-grouper-2.22.0.jar;"/>
    <property name="sun.cpu.endian" value="little"/>
    <property name="user.home" value="C:\Users\VenkataNagesh"/>
    <property name="user.language" value="en"/>
    <property name="java.specification.vendor" value="Oracle Corporation"/>
    <property name="java.home" value="C:\Program Files\Java\jdk1.8.0_91\jre"/>
    <property name="basedir" value="C:\Users\VenkataNagesh\workspace\TestNG1"/>
    <property name="file.separator" value="\"/>
    <property name="line.separator" value="&#10;"/>
    <property name="java.vm.specification.vendor" value="Oracle Corporation"/>
    <property name="java.specification.name" value="Java Platform API Specification"/>
    <property name="java.awt.graphicsenv" value="sun.awt.Win32GraphicsEnvironment"/>
    <property name="surefire.real.class.path" value="C:\Users\VENKAT~1\AppData\Local\Temp\surefire7217680272698713615\surefirebooter8873239518026760679.jar"/>
    <property name="sun.boot.class.path" value="C:\Program Files\Java\jdk1.8.0_91\jre\lib\resources.jar;C:\Program Files\Java\jdk1.8.0_91\jre\lib\rt.jar;C:\Program Files\Java\jdk1.8.0_91\jre\lib\sunrsasign.jar;C:\Program Files\Java\jdk1.8.0_91\jre\lib\jsse.jar;C:\Program Files\Java\jdk1.8.0_91\jre\lib\jce.jar;C:\Program Files\Java\jdk1.8.0_91\jre\lib\charsets.jar;C:\Program Files\Java\jdk1.8.0_91\jre\lib\jfr.jar;C:\Program Files\Java\jdk1.8.0_91\jre\classes"/>
    <property name="user.script" value=""/>
    <property name="sun.management.compiler" value="HotSpot 64-Bit Tiered Compilers"/>
    <property name="java.runtime.version" value="1.8.0_91-b15"/>
    <property name="user.name" value="VenkataNagesh"/>
    <property name="path.separator" value=";"/>
    <property name="os.version" value="10.0"/>
    <property name="java.endorsed.dirs" value="C:\Program Files\Java\jdk1.8.0_91\jre\lib\endorsed"/>
    <property name="java.runtime.name" value="Java(TM) SE Runtime Environment"/>
    <property name="file.encoding" value="Cp1252"/>
    <property name="java.vm.name" value="Java HotSpot(TM) 64-Bit Server VM"/>
    <property name="localRepository" value="C:\Users\VenkataNagesh\.m2\repository"/>
    <property name="java.vendor.url.bug" value="http://bugreport.sun.com/bugreport/"/>
    <property name="java.io.tmpdir" value="C:\Users\VENKAT~1\AppData\Local\Temp\"/>
    <property name="java.version" value="1.8.0_91"/>
    <property name="user.dir" value="C:\Users\VenkataNagesh\workspace\TestNG1"/>
    <property name="os.arch" value="amd64"/>
    <property name="java.vm.specification.name" value="Java Virtual Machine Specification"/>
    <property name="java.awt.printerjob" value="sun.awt.windows.WPrinterJob"/>
    <property name="sun.os.patch.level" value=""/>
    <property name="java.library.path" value="C:\Program Files\Java\jdk1.8.0_91\jre\bin;C:\WINDOWS\Sun\Java\bin;C:\WINDOWS\system32;C:\WINDOWS;C:\Informatica\9.6.1\clients\tools\datadirect;C:\Informatica\9.6.1\clients\tools\odbcdrv;C:\Informatica\9.6.1\clients\tools\jdbcdrv;C:\Informatica\9.6.1\java\jre\bin\server;C:\Informatica\9.6.1\tools\odbcdrv;C:\Informatica\9.6.1\tools\jdbcdrv;C:\Informatica\9.6.1\tools\datadirect;C:\app\VenkataNagesh\product\12.1.0\dbhome_1\bin;C:\Program Files\Java\jdk1.8.0_91\bin;C:\Program Files\Java\jre1.8.0_91\bin;C:\ProgramData\Oracle\Java\javapath;C:\WINDOWS\system32;C:\WINDOWS;C:\WINDOWS\System32\Wbem;C:\WINDOWS\System32\WindowsPowerShell\v1.0\;C:\Program Files (x86)\ATI Technologies\ATI.ACE\Core-Static;C:\Users\maanya sri\AppData\Local\Android\Sdk\tools;C:\SoapUIProject\axis2-1.6.2\axis2-1.6.2\bin;C:\Users\maanya sri\AppData\Local\Android\Sdk\tools\bin;C:\Users\maanya sri\AppData\Local\Android\Sdk\tools;C:\Users\maanya sri\AppData\Local\Android\Sdk\platform-tools;C:\Program Files\nodejs\node_modules\npm\bin;C:\WINDOWS\System32\OpenSSH\;C:\apache-maven-3.3.9\bin;C:\Program Files\Git\cmd;C:\Users\VenkataNagesh\AppData\Local\Microsoft\WindowsApps;;."/>
    <property name="java.vm.info" value="mixed mode"/>
    <property name="java.vendor" value="Oracle Corporation"/>
    <property name="java.vm.version" value="25.91-b15"/>
    <property name="java.ext.dirs" value="C:\Program Files\Java\jdk1.8.0_91\jre\lib\ext;C:\WINDOWS\Sun\Java\lib\ext"/>
    <property name="sun.io.unicode.encoding" value="UnicodeLittle"/>
    <property name="java.class.version" value="52.0"/>
  </properties>
  <testcase name="storedemoqa" classname="com.qa.tests.NewStoreDemoTests" time="12.244"/>
  <testcase name="AccessoriesPageTest" classname="com.qa.tests.NewStoreDemoTests" time="9.929"/>
  <testcase name="CheckYourCartPage" classname="com.qa.tests.NewStoreDemoTests" time="7.429"/>
  <testcase name="CheckOutInfoPageTest" classname="com.qa.tests.NewStoreDemoTests" time="35.313"/>
  <testcase name="CheckOutFinalPageTest" classname="com.qa.tests.NewStoreDemoTests" time="12.638"/>
</testsuite>