<?xml version="1.0" encoding="UTF-8"?>
<!-- Generated by org.testng.reporters.JUnitReportReporter -->
<testsuite name="com.qa.tests.NewStoreDemoTests" tests="5" time="2000.099" ignored="0" failures="0" timestamp="03 Sep 2018 20:50:32 GMT" skipped="0" hostname="sys" errors="0">
  <testcase name="CheckOutFinalPageTest" time="12.441" classname="com.qa.tests.NewStoreDemoTests"/>
  <testcase name="CheckYourCartPage" time="1943.076" classname="com.qa.tests.NewStoreDemoTests"/>
  <testcase name="AccessoriesPageTest" time="9.406" classname="com.qa.tests.NewStoreDemoTests"/>
  <testcase name="CheckOutInfoPageTest" time="25.552" classname="com.qa.tests.NewStoreDemoTests"/>
  <testcase name="storedemoqa" time="9.624" classname="com.qa.tests.NewStoreDemoTests"/>
</testsuite> <!-- com.qa.tests.NewStoreDemoTests -->
