<?xml version="1.0" encoding="UTF-8"?>
<!-- Generated by org.testng.reporters.JUnitReportReporter -->
<testsuite name="com.qa.tests.NewStoreDemoTests" tests="5" time="61.982" ignored="0" failures="0" timestamp="31 Aug 2018 21:42:35 GMT" skipped="0" hostname="sys" errors="0">
  <testcase name="CheckOutFinalPageTest" time="12.458" classname="com.qa.tests.NewStoreDemoTests"/>
  <testcase name="CheckYourCartPage" time="6.685" classname="com.qa.tests.NewStoreDemoTests"/>
  <testcase name="CheckOutInfoPageTest" time="22.874" classname="com.qa.tests.NewStoreDemoTests"/>
  <testcase name="storedemoqa" time="9.798" classname="com.qa.tests.NewStoreDemoTests"/>
  <testcase name="AccessoriesPageTest" time="10.167" classname="com.qa.tests.NewStoreDemoTests"/>
</testsuite> <!-- com.qa.tests.NewStoreDemoTests -->
