<?xml version="1.0" encoding="UTF-8"?>
<!-- Generated by org.testng.reporters.JUnitReportReporter -->
<testsuite name="StoreDemoNew.TestNG1.NewStoreDemoTests" tests="5" time="71.432" ignored="0" failures="0" timestamp="29 Aug 2018 02:58:12 GMT" skipped="0" hostname="sys" errors="0">
  <testcase name="CheckOutInfoPageTest" time="26.031" classname="StoreDemoNew.TestNG1.NewStoreDemoTests"/>
  <testcase name="storedemoqa" time="12.776" classname="StoreDemoNew.TestNG1.NewStoreDemoTests"/>
  <testcase name="CheckOutFinalPageTest" time="12.428" classname="StoreDemoNew.TestNG1.NewStoreDemoTests"/>
  <testcase name="AccessoriesPageTest" time="12.854" classname="StoreDemoNew.TestNG1.NewStoreDemoTests"/>
  <testcase name="CheckYourCartPage" time="7.343" classname="StoreDemoNew.TestNG1.NewStoreDemoTests"/>
</testsuite> <!-- StoreDemoNew.TestNG1.NewStoreDemoTests -->
