<?xml version="1.0" encoding="UTF-8"?>
<!-- Generated by org.testng.reporters.JUnitReportReporter -->
<testsuite name="com.qa.tests.NewStoreDemoTests" tests="5" time="80.662" ignored="0" failures="0" timestamp="01 Sep 2018 19:00:39 GMT" skipped="0" hostname="sys" errors="0">
  <testcase name="CheckOutFinalPageTest" time="12.472" classname="com.qa.tests.NewStoreDemoTests"/>
  <testcase name="storedemoqa" time="11.550" classname="com.qa.tests.NewStoreDemoTests"/>
  <testcase name="AccessoriesPageTest" time="11.088" classname="com.qa.tests.NewStoreDemoTests"/>
  <testcase name="CheckOutInfoPageTest" time="38.584" classname="com.qa.tests.NewStoreDemoTests"/>
  <testcase name="CheckYourCartPage" time="6.968" classname="com.qa.tests.NewStoreDemoTests"/>
</testsuite> <!-- com.qa.tests.NewStoreDemoTests -->
