<?xml version="1.0" encoding="UTF-8"?>
<!-- Generated by org.testng.reporters.JUnitReportReporter -->
<testsuite name="com.qa.tests.NewStoreDemoTests" tests="5" time="55.017" ignored="0" failures="0" timestamp="03 Sep 2018 19:51:53 GMT" skipped="0" hostname="sys" errors="0">
  <testcase name="CheckOutInfoPageTest" time="16.312" classname="com.qa.tests.NewStoreDemoTests"/>
  <testcase name="AccessoriesPageTest" time="9.631" classname="com.qa.tests.NewStoreDemoTests"/>
  <testcase name="CheckYourCartPage" time="6.481" classname="com.qa.tests.NewStoreDemoTests"/>
  <testcase name="storedemoqa" time="10.208" classname="com.qa.tests.NewStoreDemoTests"/>
  <testcase name="CheckOutFinalPageTest" time="12.385" classname="com.qa.tests.NewStoreDemoTests"/>
</testsuite> <!-- com.qa.tests.NewStoreDemoTests -->
