<?xml version="1.0" encoding="UTF-8"?>
<!-- Generated by org.testng.reporters.JUnitReportReporter -->
<testsuite name="com.qa.tests.NewStoreDemoTests" tests="5" time="77.561" ignored="0" failures="0" timestamp="03 Sep 2018 13:37:09 GMT" skipped="0" hostname="sys" errors="0">
  <testcase name="CheckYourCartPage" time="7.457" classname="com.qa.tests.NewStoreDemoTests"/>
  <testcase name="storedemoqa" time="12.228" classname="com.qa.tests.NewStoreDemoTests"/>
  <testcase name="CheckOutInfoPageTest" time="35.309" classname="com.qa.tests.NewStoreDemoTests"/>
  <testcase name="CheckOutFinalPageTest" time="12.642" classname="com.qa.tests.NewStoreDemoTests"/>
  <testcase name="AccessoriesPageTest" time="9.925" classname="com.qa.tests.NewStoreDemoTests"/>
</testsuite> <!-- com.qa.tests.NewStoreDemoTests -->
